Flow report for CPU_VHDL_project_DE1
Sat Nov 12 23:54:29 2016
Quartus Prime Version 16.0.0 Build 211 04/27/2016 SJ Lite Edition


---------------------
; Table of Contents ;
---------------------
  1. Legal Notice
  2. Flow Summary
  3. Flow Settings
  4. Flow Non-Default Global Settings
  5. Flow Elapsed Time
  6. Flow OS Summary
  7. Flow Log
  8. Flow Messages
  9. Flow Suppressed Messages



----------------
; Legal Notice ;
----------------
Copyright (C) 1991-2016 Altera Corporation. All rights reserved.
Your use of Altera Corporation's design tools, logic functions 
and other software and tools, and its AMPP partner logic 
functions, and any output files from any of the foregoing 
(including device programming or simulation files), and any 
associated documentation or information are expressly subject 
to the terms and conditions of the Altera Program License 
Subscription Agreement, the Altera Quartus Prime License Agreement,
the Altera MegaCore Function License Agreement, or other 
applicable license agreement, including, without limitation, 
that your use is for the sole purpose of programming logic 
devices manufactured by Altera and sold by Altera or its 
authorized distributors.  Please refer to the applicable 
agreement for further details.



+-------------------------------------------------------------------------------+
; Flow Summary                                                                  ;
+---------------------------------+---------------------------------------------+
; Flow Status                     ; Successful - Sat Nov 12 23:54:28 2016       ;
; Quartus Prime Version           ; 16.0.0 Build 211 04/27/2016 SJ Lite Edition ;
; Revision Name                   ; CPU_VHDL_project_DE1                        ;
; Top-level Entity Name           ; CPU_VHDL_projekt                            ;
; Family                          ; Cyclone V                                   ;
; Device                          ; 5CSEMA5F31C6                                ;
; Timing Models                   ; Final                                       ;
; Logic utilization (in ALMs)     ; 57 / 32,070 ( < 1 % )                       ;
; Total registers                 ; 81                                          ;
; Total pins                      ; 35 / 457 ( 8 % )                            ;
; Total virtual pins              ; 0                                           ;
; Total block memory bits         ; 0 / 4,065,280 ( 0 % )                       ;
; Total DSP Blocks                ; 0 / 87 ( 0 % )                              ;
; Total HSSI RX PCSs              ; 0                                           ;
; Total HSSI PMA RX Deserializers ; 0                                           ;
; Total HSSI TX PCSs              ; 0                                           ;
; Total HSSI PMA TX Serializers   ; 0                                           ;
; Total PLLs                      ; 0 / 6 ( 0 % )                               ;
; Total DLLs                      ; 0 / 4 ( 0 % )                               ;
+---------------------------------+---------------------------------------------+


+------------------------------------------+
; Flow Settings                            ;
+-------------------+----------------------+
; Option            ; Setting              ;
+-------------------+----------------------+
; Start date & time ; 11/12/2016 23:51:31  ;
; Main task         ; Compilation          ;
; Revision Name     ; CPU_VHDL_project_DE1 ;
+-------------------+----------------------+


+--------------------------------------------------------------------------------------------------------------------------------------------------------+
; Flow Non-Default Global Settings                                                                                                                       ;
+--------------------------------------+------------------------------------------+----------------------+--------------------+--------------------------+
; Assignment Name                      ; Value                                    ; Default Value        ; Entity Name        ; Section Id               ;
+--------------------------------------+------------------------------------------+----------------------+--------------------+--------------------------+
; COMPILER_SIGNATURE_ID                ; 145385906804051.147899109107480          ; --                   ; --                 ; --                       ;
; EDA_DESIGN_INSTANCE_NAME             ; NA                                       ; --                   ; --                 ; CPU_VHDL_projekt_vhd_tst ;
; EDA_NATIVELINK_SIMULATION_TEST_BENCH ; CPU_VHDL_projekt_vhd_tst                 ; --                   ; --                 ; eda_simulation           ;
; EDA_OUTPUT_DATA_FORMAT               ; Vhdl                                     ; --                   ; --                 ; eda_simulation           ;
; EDA_SIMULATION_TOOL                  ; ModelSim-Altera (VHDL)                   ; <None>               ; --                 ; --                       ;
; EDA_TEST_BENCH_ENABLE_STATUS         ; TEST_BENCH_MODE                          ; --                   ; --                 ; eda_simulation           ;
; EDA_TEST_BENCH_FILE                  ; simulation/modelsim/CPU_VHDL_projekt.vht ; --                   ; --                 ; CPU_VHDL_projekt_vhd_tst ;
; EDA_TEST_BENCH_MODULE_NAME           ; CPU_VHDL_projekt_vhd_tst                 ; --                   ; --                 ; CPU_VHDL_projekt_vhd_tst ;
; EDA_TEST_BENCH_NAME                  ; CPU_VHDL_projekt_vhd_tst                 ; --                   ; --                 ; eda_simulation           ;
; EDA_TEST_BENCH_RUN_SIM_FOR           ; 1 us                                     ; --                   ; --                 ; CPU_VHDL_projekt_vhd_tst ;
; EDA_TIME_SCALE                       ; 1 ps                                     ; --                   ; --                 ; eda_simulation           ;
; MAX_CORE_JUNCTION_TEMP               ; 85                                       ; --                   ; --                 ; --                       ;
; MIN_CORE_JUNCTION_TEMP               ; 0                                        ; --                   ; --                 ; --                       ;
; PARTITION_COLOR                      ; 16764057                                 ; --                   ; CPU_VHDL_projekt   ; Top                      ;
; PARTITION_COLOR                      ; 16764057                                 ; --                   ; DE1_SOC_golden_top ; Top                      ;
; PARTITION_FITTER_PRESERVATION_LEVEL  ; PLACEMENT_AND_ROUTING                    ; --                   ; CPU_VHDL_projekt   ; Top                      ;
; PARTITION_FITTER_PRESERVATION_LEVEL  ; PLACEMENT_AND_ROUTING                    ; --                   ; DE1_SOC_golden_top ; Top                      ;
; PARTITION_NETLIST_TYPE               ; SOURCE                                   ; --                   ; CPU_VHDL_projekt   ; Top                      ;
; PARTITION_NETLIST_TYPE               ; SOURCE                                   ; --                   ; DE1_SOC_golden_top ; Top                      ;
; POWER_BOARD_THERMAL_MODEL            ; None (CONSERVATIVE)                      ; --                   ; --                 ; --                       ;
; POWER_PRESET_COOLING_SOLUTION        ; 23 MM HEAT SINK WITH 200 LFPM AIRFLOW    ; --                   ; --                 ; --                       ;
; PROJECT_OUTPUT_DIRECTORY             ; output_files                             ; --                   ; --                 ; --                       ;
; TOP_LEVEL_ENTITY                     ; CPU_VHDL_projekt                         ; CPU_VHDL_project_DE1 ; --                 ; --                       ;
+--------------------------------------+------------------------------------------+----------------------+--------------------+--------------------------+


+-------------------------------------------------------------------------------------------------------------------------------+
; Flow Elapsed Time                                                                                                             ;
+---------------------------+--------------+-------------------------+---------------------+------------------------------------+
; Module Name               ; Elapsed Time ; Average Processors Used ; Peak Virtual Memory ; Total CPU Time (on all processors) ;
+---------------------------+--------------+-------------------------+---------------------+------------------------------------+
; Analysis & Synthesis      ; 00:00:15     ; 1.0                     ; 908 MB              ; 00:00:23                           ;
; Fitter                    ; 00:01:48     ; 1.0                     ; 2172 MB             ; 00:01:05                           ;
; Assembler                 ; 00:00:11     ; 1.0                     ; 888 MB              ; 00:00:08                           ;
; TimeQuest Timing Analyzer ; 00:00:13     ; 1.0                     ; 1155 MB             ; 00:00:07                           ;
; EDA Netlist Writer        ; 00:00:02     ; 1.0                     ; 803 MB              ; 00:00:01                           ;
; Total                     ; 00:02:29     ; --                      ; --                  ; 00:01:44                           ;
+---------------------------+--------------+-------------------------+---------------------+------------------------------------+


+----------------------------------------------------------------------------------------+
; Flow OS Summary                                                                        ;
+---------------------------+------------------+-----------+------------+----------------+
; Module Name               ; Machine Hostname ; OS Name   ; OS Version ; Processor type ;
+---------------------------+------------------+-----------+------------+----------------+
; Analysis & Synthesis      ; root-Dator       ; Windows 7 ; 6.1        ; x86_64         ;
; Fitter                    ; root-Dator       ; Windows 7 ; 6.1        ; x86_64         ;
; Assembler                 ; root-Dator       ; Windows 7 ; 6.1        ; x86_64         ;
; TimeQuest Timing Analyzer ; root-Dator       ; Windows 7 ; 6.1        ; x86_64         ;
; EDA Netlist Writer        ; root-Dator       ; Windows 7 ; 6.1        ; x86_64         ;
+---------------------------+------------------+-----------+------------+----------------+


------------
; Flow Log ;
------------
quartus_map --read_settings_files=on --write_settings_files=off CPU_VHDL_project_DE1 -c CPU_VHDL_project_DE1
quartus_fit --read_settings_files=off --write_settings_files=off CPU_VHDL_project_DE1 -c CPU_VHDL_project_DE1
quartus_asm --read_settings_files=off --write_settings_files=off CPU_VHDL_project_DE1 -c CPU_VHDL_project_DE1
quartus_sta CPU_VHDL_project_DE1 -c CPU_VHDL_project_DE1
quartus_eda --read_settings_files=off --write_settings_files=off CPU_VHDL_project_DE1 -c CPU_VHDL_project_DE1



