Flow report for isspe_text
Sun Nov 13 04:00:33 2016
Quartus Prime Version 16.0.0 Build 211 04/27/2016 SJ Lite Edition


---------------------
; Table of Contents ;
---------------------
  1. Legal Notice
  2. Flow Summary
  3. Flow Settings
  4. Flow Non-Default Global Settings
  5. Flow Elapsed Time
  6. Flow OS Summary
  7. Flow Log
  8. Flow Messages
  9. Flow Suppressed Messages



----------------
; Legal Notice ;
----------------
Copyright (C) 1991-2016 Altera Corporation. All rights reserved.
Your use of Altera Corporation's design tools, logic functions 
and other software and tools, and its AMPP partner logic 
functions, and any output files from any of the foregoing 
(including device programming or simulation files), and any 
associated documentation or information are expressly subject 
to the terms and conditions of the Altera Program License 
Subscription Agreement, the Altera Quartus Prime License Agreement,
the Altera MegaCore Function License Agreement, or other 
applicable license agreement, including, without limitation, 
that your use is for the sole purpose of programming logic 
devices manufactured by Altera and sold by Altera or its 
authorized distributors.  Please refer to the applicable 
agreement for further details.



+-------------------------------------------------------------------------------+
; Flow Summary                                                                  ;
+---------------------------------+---------------------------------------------+
; Flow Status                     ; Successful - Sun Nov 13 04:00:33 2016       ;
; Quartus Prime Version           ; 16.0.0 Build 211 04/27/2016 SJ Lite Edition ;
; Revision Name                   ; isspe_text                                  ;
; Top-level Entity Name           ; isspe_text                                  ;
; Family                          ; Cyclone V                                   ;
; Device                          ; 5CSEMA5F31C6                                ;
; Timing Models                   ; Final                                       ;
; Logic utilization (in ALMs)     ; 140 / 32,070 ( < 1 % )                      ;
; Total registers                 ; 201                                         ;
; Total pins                      ; 34 / 457 ( 7 % )                            ;
; Total virtual pins              ; 0                                           ;
; Total block memory bits         ; 0 / 4,065,280 ( 0 % )                       ;
; Total DSP Blocks                ; 0 / 87 ( 0 % )                              ;
; Total HSSI RX PCSs              ; 0                                           ;
; Total HSSI PMA RX Deserializers ; 0                                           ;
; Total HSSI TX PCSs              ; 0                                           ;
; Total HSSI PMA TX Serializers   ; 0                                           ;
; Total PLLs                      ; 0 / 6 ( 0 % )                               ;
; Total DLLs                      ; 0 / 4 ( 0 % )                               ;
+---------------------------------+---------------------------------------------+


+-----------------------------------------+
; Flow Settings                           ;
+-------------------+---------------------+
; Option            ; Setting             ;
+-------------------+---------------------+
; Start date & time ; 11/13/2016 03:57:05 ;
; Main task         ; Compilation         ;
; Revision Name     ; isspe_text          ;
+-------------------+---------------------+


+----------------------------------------------------------------------------------------------------------------------------------------------------------+
; Flow Non-Default Global Settings                                                                                                                         ;
+-------------------------------------+------------------------------------------------------------------+---------------+----------------+----------------+
; Assignment Name                     ; Value                                                            ; Default Value ; Entity Name    ; Section Id     ;
+-------------------------------------+------------------------------------------------------------------+---------------+----------------+----------------+
; COMPILER_SIGNATURE_ID               ; 145385906804051.147900582507360                                  ; --            ; --             ; --             ;
; EDA_OUTPUT_DATA_FORMAT              ; Vhdl                                                             ; --            ; --             ; eda_simulation ;
; EDA_SIMULATION_TOOL                 ; ModelSim-Altera (VHDL)                                           ; <None>        ; --             ; --             ;
; EDA_TIME_SCALE                      ; 1 ps                                                             ; --            ; --             ; eda_simulation ;
; MAX_CORE_JUNCTION_TEMP              ; 85                                                               ; --            ; --             ; --             ;
; MIN_CORE_JUNCTION_TEMP              ; 0                                                                ; --            ; --             ; --             ;
; MISC_FILE                           ; sources_probes/synthesis/../sources_probes.cmp                   ; --            ; --             ; --             ;
; MISC_FILE                           ; sources_probes/synthesis/../../sources_probes.qsys               ; --            ; --             ; --             ;
; PARTITION_COLOR                     ; 16764057                                                         ; --            ; --             ; Top            ;
; PARTITION_FITTER_PRESERVATION_LEVEL ; PLACEMENT_AND_ROUTING                                            ; --            ; --             ; Top            ;
; PARTITION_NETLIST_TYPE              ; SOURCE                                                           ; --            ; --             ; Top            ;
; POWER_BOARD_THERMAL_MODEL           ; None (CONSERVATIVE)                                              ; --            ; --             ; --             ;
; POWER_PRESET_COOLING_SOLUTION       ; 23 MM HEAT SINK WITH 200 LFPM AIRFLOW                            ; --            ; --             ; --             ;
; PROJECT_OUTPUT_DIRECTORY            ; output_files                                                     ; --            ; --             ; --             ;
; SLD_FILE                            ; sources_probes/synthesis/sources_probes.debuginfo                ; --            ; --             ; --             ;
; SLD_INFO                            ; QSYS_NAME sources_probes HAS_SOPCINFO 1 GENERATION_ID 1479004138 ; --            ; sources_probes ; --             ;
; SOPCINFO_FILE                       ; sources_probes/synthesis/../../sources_probes.sopcinfo           ; --            ; --             ; --             ;
; SYNTHESIS_ONLY_QIP                  ; On                                                               ; --            ; --             ; --             ;
+-------------------------------------+------------------------------------------------------------------+---------------+----------------+----------------+


+-------------------------------------------------------------------------------------------------------------------------------+
; Flow Elapsed Time                                                                                                             ;
+---------------------------+--------------+-------------------------+---------------------+------------------------------------+
; Module Name               ; Elapsed Time ; Average Processors Used ; Peak Virtual Memory ; Total CPU Time (on all processors) ;
+---------------------------+--------------+-------------------------+---------------------+------------------------------------+
; Analysis & Synthesis      ; 00:00:40     ; 1.0                     ; 937 MB              ; 00:00:52                           ;
; Fitter                    ; 00:01:57     ; 1.0                     ; 2178 MB             ; 00:01:21                           ;
; Assembler                 ; 00:00:13     ; 1.0                     ; 891 MB              ; 00:00:09                           ;
; TimeQuest Timing Analyzer ; 00:00:17     ; 1.0                     ; 1169 MB             ; 00:00:13                           ;
; EDA Netlist Writer        ; 00:00:05     ; 1.0                     ; 810 MB              ; 00:00:03                           ;
; Total                     ; 00:03:12     ; --                      ; --                  ; 00:02:38                           ;
+---------------------------+--------------+-------------------------+---------------------+------------------------------------+


+----------------------------------------------------------------------------------------+
; Flow OS Summary                                                                        ;
+---------------------------+------------------+-----------+------------+----------------+
; Module Name               ; Machine Hostname ; OS Name   ; OS Version ; Processor type ;
+---------------------------+------------------+-----------+------------+----------------+
; Analysis & Synthesis      ; root-Dator       ; Windows 7 ; 6.1        ; x86_64         ;
; Fitter                    ; root-Dator       ; Windows 7 ; 6.1        ; x86_64         ;
; Assembler                 ; root-Dator       ; Windows 7 ; 6.1        ; x86_64         ;
; TimeQuest Timing Analyzer ; root-Dator       ; Windows 7 ; 6.1        ; x86_64         ;
; EDA Netlist Writer        ; root-Dator       ; Windows 7 ; 6.1        ; x86_64         ;
+---------------------------+------------------+-----------+------------+----------------+


------------
; Flow Log ;
------------
quartus_map --read_settings_files=on --write_settings_files=off isspe_text -c isspe_text
quartus_fit --read_settings_files=off --write_settings_files=off isspe_text -c isspe_text
quartus_asm --read_settings_files=off --write_settings_files=off isspe_text -c isspe_text
quartus_sta isspe_text -c isspe_text
quartus_eda --read_settings_files=off --write_settings_files=off isspe_text -c isspe_text



