Flow report for vhdl2_uppgift_1b
Mon Dec 26 01:39:35 2016
Quartus Prime Version 16.0.0 Build 211 04/27/2016 SJ Lite Edition


---------------------
; Table of Contents ;
---------------------
  1. Legal Notice
  2. Flow Summary
  3. Flow Settings
  4. Flow Non-Default Global Settings
  5. Flow Elapsed Time
  6. Flow OS Summary
  7. Flow Log
  8. Flow Messages
  9. Flow Suppressed Messages



----------------
; Legal Notice ;
----------------
Copyright (C) 1991-2016 Altera Corporation. All rights reserved.
Your use of Altera Corporation's design tools, logic functions 
and other software and tools, and its AMPP partner logic 
functions, and any output files from any of the foregoing 
(including device programming or simulation files), and any 
associated documentation or information are expressly subject 
to the terms and conditions of the Altera Program License 
Subscription Agreement, the Altera Quartus Prime License Agreement,
the Altera MegaCore Function License Agreement, or other 
applicable license agreement, including, without limitation, 
that your use is for the sole purpose of programming logic 
devices manufactured by Altera and sold by Altera or its 
authorized distributors.  Please refer to the applicable 
agreement for further details.



+-------------------------------------------------------------------------------+
; Flow Summary                                                                  ;
+---------------------------------+---------------------------------------------+
; Flow Status                     ; Successful - Mon Dec 26 01:39:35 2016       ;
; Quartus Prime Version           ; 16.0.0 Build 211 04/27/2016 SJ Lite Edition ;
; Revision Name                   ; vhdl2_uppgift_1b                            ;
; Top-level Entity Name           ; vhdl2_uppgift_1b                            ;
; Family                          ; Cyclone V                                   ;
; Device                          ; 5CSEMA5F31C6                                ;
; Timing Models                   ; Final                                       ;
; Logic utilization (in ALMs)     ; 433 / 32,070 ( 1 % )                        ;
; Total registers                 ; 951                                         ;
; Total pins                      ; 33 / 457 ( 7 % )                            ;
; Total virtual pins              ; 0                                           ;
; Total block memory bits         ; 589,824 / 4,065,280 ( 15 % )                ;
; Total DSP Blocks                ; 0 / 87 ( 0 % )                              ;
; Total HSSI RX PCSs              ; 0                                           ;
; Total HSSI PMA RX Deserializers ; 0                                           ;
; Total HSSI TX PCSs              ; 0                                           ;
; Total HSSI PMA TX Serializers   ; 0                                           ;
; Total PLLs                      ; 0 / 6 ( 0 % )                               ;
; Total DLLs                      ; 0 / 4 ( 0 % )                               ;
+---------------------------------+---------------------------------------------+


+-----------------------------------------+
; Flow Settings                           ;
+-------------------+---------------------+
; Option            ; Setting             ;
+-------------------+---------------------+
; Start date & time ; 12/26/2016 01:33:33 ;
; Main task         ; Compilation         ;
; Revision Name     ; vhdl2_uppgift_1b    ;
+-------------------+---------------------+


+-------------------------------------------------------------------------------------------------------------------------------------------------------------------------------------------------------------------------------------------------------+
; Flow Non-Default Global Settings                                                                                                                                                                                                                      ;
+--------------------------------------+-------------------------------------------------------------------------------------------------------------------------------------------------------+---------------+-------------+--------------------------+
; Assignment Name                      ; Value                                                                                                                                                 ; Default Value ; Entity Name ; Section Id               ;
+--------------------------------------+-------------------------------------------------------------------------------------------------------------------------------------------------------+---------------+-------------+--------------------------+
; COMPILER_SIGNATURE_ID                ; 145385906804051.148271241316880                                                                                                                       ; --            ; --          ; --                       ;
; EDA_DESIGN_INSTANCE_NAME             ; NA                                                                                                                                                    ; --            ; --          ; vhdl2_uppgift_1b_vhd_tst ;
; EDA_NATIVELINK_SIMULATION_TEST_BENCH ; vhdl2_uppgift_1b_vhd_tst                                                                                                                              ; --            ; --          ; eda_simulation           ;
; EDA_OUTPUT_DATA_FORMAT               ; Vhdl                                                                                                                                                  ; --            ; --          ; eda_simulation           ;
; EDA_SIMULATION_TOOL                  ; ModelSim-Altera (VHDL)                                                                                                                                ; <None>        ; --          ; --                       ;
; EDA_TEST_BENCH_ENABLE_STATUS         ; TEST_BENCH_MODE                                                                                                                                       ; --            ; --          ; eda_simulation           ;
; EDA_TEST_BENCH_FILE                  ; simulation/modelsim/vhdl2_uppgift_1b.vht                                                                                                              ; --            ; --          ; vhdl2_uppgift_1b_vhd_tst ;
; EDA_TEST_BENCH_MODULE_NAME           ; vhdl2_uppgift_1b_vhd_tst                                                                                                                              ; --            ; --          ; vhdl2_uppgift_1b_vhd_tst ;
; EDA_TEST_BENCH_NAME                  ; vhdl2_uppgift_1b_vhd_tst                                                                                                                              ; --            ; --          ; eda_simulation           ;
; EDA_TEST_BENCH_RUN_SIM_FOR           ; 20 ms                                                                                                                                                 ; --            ; --          ; vhdl2_uppgift_1b_vhd_tst ;
; EDA_TIME_SCALE                       ; 1 ps                                                                                                                                                  ; --            ; --          ; eda_simulation           ;
; ENABLE_SIGNALTAP                     ; On                                                                                                                                                    ; --            ; --          ; --                       ;
; MAX_CORE_JUNCTION_TEMP               ; 85                                                                                                                                                    ; --            ; --          ; --                       ;
; MIN_CORE_JUNCTION_TEMP               ; 0                                                                                                                                                     ; --            ; --          ; --                       ;
; PARTITION_COLOR                      ; 16764057                                                                                                                                              ; --            ; --          ; Top                      ;
; PARTITION_FITTER_PRESERVATION_LEVEL  ; PLACEMENT_AND_ROUTING                                                                                                                                 ; --            ; --          ; Top                      ;
; PARTITION_NETLIST_TYPE               ; POST_FIT                                                                                                                                              ; --            ; --          ; Top                      ;
; POWER_BOARD_THERMAL_MODEL            ; None (CONSERVATIVE)                                                                                                                                   ; --            ; --          ; --                       ;
; POWER_PRESET_COOLING_SOLUTION        ; 23 MM HEAT SINK WITH 200 LFPM AIRFLOW                                                                                                                 ; --            ; --          ; --                       ;
; PROJECT_OUTPUT_DIRECTORY             ; output_files                                                                                                                                          ; --            ; --          ; --                       ;
; SLD_FILE                             ; db/stp3_auto_stripped.stp                                                                                                                             ; --            ; --          ; --                       ;
; SLD_NODE_CREATOR_ID                  ; 110                                                                                                                                                   ; --            ; --          ; auto_signaltap_0         ;
; SLD_NODE_ENTITY_NAME                 ; sld_signaltap                                                                                                                                         ; --            ; --          ; auto_signaltap_0         ;
; SLD_NODE_PARAMETER_ASSIGNMENT        ; SLD_RAM_BLOCK_TYPE=AUTO                                                                                                                               ; --            ; --          ; auto_signaltap_0         ;
; SLD_NODE_PARAMETER_ASSIGNMENT        ; SLD_NODE_INFO=805334528                                                                                                                               ; --            ; --          ; auto_signaltap_0         ;
; SLD_NODE_PARAMETER_ASSIGNMENT        ; SLD_POWER_UP_TRIGGER=0                                                                                                                                ; --            ; --          ; auto_signaltap_0         ;
; SLD_NODE_PARAMETER_ASSIGNMENT        ; SLD_STORAGE_QUALIFIER_INVERSION_MASK_LENGTH=0                                                                                                         ; --            ; --          ; auto_signaltap_0         ;
; SLD_NODE_PARAMETER_ASSIGNMENT        ; SLD_ATTRIBUTE_MEM_MODE=OFF                                                                                                                            ; --            ; --          ; auto_signaltap_0         ;
; SLD_NODE_PARAMETER_ASSIGNMENT        ; SLD_STATE_FLOW_USE_GENERATED=0                                                                                                                        ; --            ; --          ; auto_signaltap_0         ;
; SLD_NODE_PARAMETER_ASSIGNMENT        ; SLD_STATE_BITS=11                                                                                                                                     ; --            ; --          ; auto_signaltap_0         ;
; SLD_NODE_PARAMETER_ASSIGNMENT        ; SLD_BUFFER_FULL_STOP=1                                                                                                                                ; --            ; --          ; auto_signaltap_0         ;
; SLD_NODE_PARAMETER_ASSIGNMENT        ; SLD_CURRENT_RESOURCE_WIDTH=1                                                                                                                          ; --            ; --          ; auto_signaltap_0         ;
; SLD_NODE_PARAMETER_ASSIGNMENT        ; SLD_INCREMENTAL_ROUTING=1                                                                                                                             ; --            ; --          ; auto_signaltap_0         ;
; SLD_NODE_PARAMETER_ASSIGNMENT        ; SLD_TRIGGER_LEVEL=1                                                                                                                                   ; --            ; --          ; auto_signaltap_0         ;
; SLD_NODE_PARAMETER_ASSIGNMENT        ; SLD_TRIGGER_IN_ENABLED=0                                                                                                                              ; --            ; --          ; auto_signaltap_0         ;
; SLD_NODE_PARAMETER_ASSIGNMENT        ; SLD_TRIGGER_PIPELINE=0                                                                                                                                ; --            ; --          ; auto_signaltap_0         ;
; SLD_NODE_PARAMETER_ASSIGNMENT        ; SLD_RAM_PIPELINE=0                                                                                                                                    ; --            ; --          ; auto_signaltap_0         ;
; SLD_NODE_PARAMETER_ASSIGNMENT        ; SLD_COUNTER_PIPELINE=0                                                                                                                                ; --            ; --          ; auto_signaltap_0         ;
; SLD_NODE_PARAMETER_ASSIGNMENT        ; SLD_ADVANCED_TRIGGER_ENTITY=basic,1,                                                                                                                  ; --            ; --          ; auto_signaltap_0         ;
; SLD_NODE_PARAMETER_ASSIGNMENT        ; SLD_TRIGGER_LEVEL_PIPELINE=1                                                                                                                          ; --            ; --          ; auto_signaltap_0         ;
; SLD_NODE_PARAMETER_ASSIGNMENT        ; SLD_ENABLE_ADVANCED_TRIGGER=0                                                                                                                         ; --            ; --          ; auto_signaltap_0         ;
; SLD_NODE_PARAMETER_ASSIGNMENT        ; SLD_SEGMENT_SIZE=16384                                                                                                                                ; --            ; --          ; auto_signaltap_0         ;
; SLD_NODE_PARAMETER_ASSIGNMENT        ; SLD_SAMPLE_DEPTH=16384                                                                                                                                ; --            ; --          ; auto_signaltap_0         ;
; SLD_NODE_PARAMETER_ASSIGNMENT        ; SLD_DATA_BITS=36                                                                                                                                      ; --            ; --          ; auto_signaltap_0         ;
; SLD_NODE_PARAMETER_ASSIGNMENT        ; SLD_STORAGE_QUALIFIER_BITS=36                                                                                                                         ; --            ; --          ; auto_signaltap_0         ;
; SLD_NODE_PARAMETER_ASSIGNMENT        ; SLD_TRIGGER_BITS=34                                                                                                                                   ; --            ; --          ; auto_signaltap_0         ;
; SLD_NODE_PARAMETER_ASSIGNMENT        ; SLD_INVERSION_MASK=0000000000000000000000000000000000000000000000000000000000000000000000000000000000000000000000000000000000000000000000000000000000 ; --            ; --          ; auto_signaltap_0         ;
; SLD_NODE_PARAMETER_ASSIGNMENT        ; SLD_INVERSION_MASK_LENGTH=130                                                                                                                         ; --            ; --          ; auto_signaltap_0         ;
; USE_SIGNALTAP_FILE                   ; output_files/stp3.stp                                                                                                                                 ; --            ; --          ; --                       ;
+--------------------------------------+-------------------------------------------------------------------------------------------------------------------------------------------------------+---------------+-------------+--------------------------+


+-------------------------------------------------------------------------------------------------------------------------------+
; Flow Elapsed Time                                                                                                             ;
+---------------------------+--------------+-------------------------+---------------------+------------------------------------+
; Module Name               ; Elapsed Time ; Average Processors Used ; Peak Virtual Memory ; Total CPU Time (on all processors) ;
+---------------------------+--------------+-------------------------+---------------------+------------------------------------+
; Analysis & Synthesis      ; 00:00:52     ; 1.0                     ; 985 MB              ; 00:00:56                           ;
; Partition Merge           ; 00:00:01     ; 1.0                     ; 806 MB              ; 00:00:01                           ;
; Fitter                    ; 00:03:26     ; 1.0                     ; 2293 MB             ; 00:02:29                           ;
; Assembler                 ; 00:00:19     ; 1.0                     ; 919 MB              ; 00:00:10                           ;
; TimeQuest Timing Analyzer ; 00:00:25     ; 1.2                     ; 1237 MB             ; 00:00:20                           ;
; EDA Netlist Writer        ; 00:00:08     ; 1.0                     ; 834 MB              ; 00:00:04                           ;
; Total                     ; 00:05:11     ; --                      ; --                  ; 00:04:00                           ;
+---------------------------+--------------+-------------------------+---------------------+------------------------------------+


+----------------------------------------------------------------------------------------+
; Flow OS Summary                                                                        ;
+---------------------------+------------------+-----------+------------+----------------+
; Module Name               ; Machine Hostname ; OS Name   ; OS Version ; Processor type ;
+---------------------------+------------------+-----------+------------+----------------+
; Analysis & Synthesis      ; root-Dator       ; Windows 7 ; 6.1        ; x86_64         ;
; Partition Merge           ; root-Dator       ; Windows 7 ; 6.1        ; x86_64         ;
; Fitter                    ; root-Dator       ; Windows 7 ; 6.1        ; x86_64         ;
; Assembler                 ; root-Dator       ; Windows 7 ; 6.1        ; x86_64         ;
; TimeQuest Timing Analyzer ; root-Dator       ; Windows 7 ; 6.1        ; x86_64         ;
; EDA Netlist Writer        ; root-Dator       ; Windows 7 ; 6.1        ; x86_64         ;
+---------------------------+------------------+-----------+------------+----------------+


------------
; Flow Log ;
------------
quartus_map --read_settings_files=on --write_settings_files=off vhdl2_uppgift_1b -c vhdl2_uppgift_1b
quartus_cdb --read_settings_files=off --write_settings_files=off vhdl2_uppgift_1b -c vhdl2_uppgift_1b --merge=on
quartus_fit --read_settings_files=off --write_settings_files=off vhdl2_uppgift_1b -c vhdl2_uppgift_1b
quartus_asm --read_settings_files=off --write_settings_files=off vhdl2_uppgift_1b -c vhdl2_uppgift_1b
quartus_sta vhdl2_uppgift_1b -c vhdl2_uppgift_1b
quartus_eda --read_settings_files=off --write_settings_files=off vhdl2_uppgift_1b -c vhdl2_uppgift_1b



