Project:               Task5Ny
File:                  file:/C:/Users/root/Documents/TEIS2016/C-kurs/Task5/HW_CASE_1C/software/Task5Ny/hello_world.c
Language:              GNU C
Index Version:         163.0
Build Configuration:   Nios II
Context:               none
Versions in Index:     1
   C: {}; 0 macros, 4 includes, 19 names;

Include Search Path (option -I):
   C:\altera_lite\16.0\nios2eds\bin\gnu\H-x86_64-mingw32\lib\gcc\nios2-elf\5.2.0\include
   C:\altera_lite\16.0\nios2eds\bin\gnu\H-x86_64-mingw32\lib\gcc\nios2-elf\5.2.0\include-fixed
   C:\altera_lite\16.0\nios2eds\bin\gnu\H-x86_64-mingw32\nios2-elf\include
   C:\Users\root\Documents\TEIS2016\C-kurs\Task5\HW_CASE_1C\software\Task5Ny_bsp\HAL\inc
   C:\Users\root\Documents\TEIS2016\C-kurs\Task5\HW_CASE_1C\software\Task5Ny_bsp
   C:\Users\root\Documents\TEIS2016\C-kurs\Task5\HW_CASE_1C\software\Task5Ny_bsp\drivers\inc

Macro definitions (option -D):
   ALT_NO_INSTRUCTION_EMULATION=
   ALT_SINGLE_THREADED=
   nios2=1
   nios2_little_endian=1
   __ATOMIC_ACQUIRE=2
   __ATOMIC_ACQ_REL=4
   __ATOMIC_CONSUME=1
   __ATOMIC_RELAXED=0
   __ATOMIC_RELEASE=3
   __ATOMIC_SEQ_CST=5
   __BIGGEST_ALIGNMENT__=4
   __BYTE_ORDER__=__ORDER_LITTLE_ENDIAN__
   __CHAR16_TYPE__=short unsigned int
   __CHAR32_TYPE__=long unsigned int
   __CHAR_BIT__=8
   __DBL_DECIMAL_DIG__=17
   __DBL_DENORM_MIN__=((double)4.9406564584124654e-324L)
   __DBL_DIG__=15
   __DBL_EPSILON__=((double)2.2204460492503131e-16L)
   __DBL_HAS_DENORM__=1
   __DBL_HAS_INFINITY__=1
   __DBL_HAS_QUIET_NAN__=1
   __DBL_MANT_DIG__=53
   __DBL_MAX_10_EXP__=308
   __DBL_MAX_EXP__=1024
   __DBL_MAX__=((double)1.7976931348623157e+308L)
   __DBL_MIN_10_EXP__=(-307)
   __DBL_MIN_EXP__=(-1021)
   __DBL_MIN__=((double)2.2250738585072014e-308L)
   __DEC128_EPSILON__=1E-33DL
   __DEC128_MANT_DIG__=34
   __DEC128_MAX_EXP__=6145
   __DEC128_MAX__=9.999999999999999999999999999999999E6144DL
   __DEC128_MIN_EXP__=(-6142)
   __DEC128_MIN__=1E-6143DL
   __DEC128_SUBNORMAL_MIN__=0.000000000000000000000000000000001E-6143DL
   __DEC32_EPSILON__=1E-6DF
   __DEC32_MANT_DIG__=7
   __DEC32_MAX_EXP__=97
   __DEC32_MAX__=9.999999E96DF
   __DEC32_MIN_EXP__=(-94)
   __DEC32_MIN__=1E-95DF
   __DEC32_SUBNORMAL_MIN__=0.000001E-95DF
   __DEC64_EPSILON__=1E-15DD
   __DEC64_MANT_DIG__=16
   __DEC64_MAX_EXP__=385
   __DEC64_MAX__=9.999999999999999E384DD
   __DEC64_MIN_EXP__=(-382)
   __DEC64_MIN__=1E-383DD
   __DEC64_SUBNORMAL_MIN__=0.000000000000001E-383DD
   __DECIMAL_DIG__=17
   __DEC_EVAL_METHOD__=2
   __ELF__=1
   __FINITE_MATH_ONLY__=0
   __FLOAT_WORD_ORDER__=__ORDER_LITTLE_ENDIAN__
   __FLT_DECIMAL_DIG__=9
   __FLT_DENORM_MIN__=1.4012984643248171e-45F
   __FLT_DIG__=6
   __FLT_EPSILON__=1.1920928955078125e-7F
   __FLT_EVAL_METHOD__=0
   __FLT_HAS_DENORM__=1
   __FLT_HAS_INFINITY__=1
   __FLT_HAS_QUIET_NAN__=1
   __FLT_MANT_DIG__=24
   __FLT_MAX_10_EXP__=38
   __FLT_MAX_EXP__=128
   __FLT_MAX__=3.4028234663852886e+38F
   __FLT_MIN_10_EXP__=(-37)
   __FLT_MIN_EXP__=(-125)
   __FLT_MIN__=1.1754943508222875e-38F
   __FLT_RADIX__=2
   __GCC_ATOMIC_BOOL_LOCK_FREE=1
   __GCC_ATOMIC_CHAR16_T_LOCK_FREE=1
   __GCC_ATOMIC_CHAR32_T_LOCK_FREE=1
   __GCC_ATOMIC_CHAR_LOCK_FREE=1
   __GCC_ATOMIC_INT_LOCK_FREE=1
   __GCC_ATOMIC_LLONG_LOCK_FREE=1
   __GCC_ATOMIC_LONG_LOCK_FREE=1
   __GCC_ATOMIC_POINTER_LOCK_FREE=1
   __GCC_ATOMIC_SHORT_LOCK_FREE=1
   __GCC_ATOMIC_TEST_AND_SET_TRUEVAL=1
   __GCC_ATOMIC_WCHAR_T_LOCK_FREE=1
   __GCC_IEC_559=0
   __GCC_IEC_559_COMPLEX=0
   __GNUC_MINOR__=2
   __GNUC_PATCHLEVEL__=0
   __GNUC_STDC_INLINE__=1
   __GNUC__=5
   __GXX_ABI_VERSION=1009
   __hal__=
   __has_include(STR)=__has_include__(STR)
   __has_include_next(STR)=__has_include_next__(STR)
   __INT16_C(c)=c
   __INT16_MAX__=0x7fff
   __INT16_TYPE__=short int
   __INT32_C(c)=c ## L
   __INT32_MAX__=0x7fffffffL
   __INT32_TYPE__=long int
   __INT64_C(c)=c ## LL
   __INT64_MAX__=0x7fffffffffffffffLL
   __INT64_TYPE__=long long int
   __INT8_C(c)=c
   __INT8_MAX__=0x7f
   __INT8_TYPE__=signed char
   __INTMAX_C(c)=c ## LL
   __INTMAX_MAX__=0x7fffffffffffffffLL
   __INTMAX_TYPE__=long long int
   __INTPTR_MAX__=0x7fffffff
   __INTPTR_TYPE__=int
   __INT_FAST16_MAX__=0x7fffffff
   __INT_FAST16_TYPE__=int
   __INT_FAST32_MAX__=0x7fffffff
   __INT_FAST32_TYPE__=int
   __INT_FAST64_MAX__=0x7fffffffffffffffLL
   __INT_FAST64_TYPE__=long long int
   __INT_FAST8_MAX__=0x7fffffff
   __INT_FAST8_TYPE__=int
   __INT_LEAST16_MAX__=0x7fff
   __INT_LEAST16_TYPE__=short int
   __INT_LEAST32_MAX__=0x7fffffffL
   __INT_LEAST32_TYPE__=long int
   __INT_LEAST64_MAX__=0x7fffffffffffffffLL
   __INT_LEAST64_TYPE__=long long int
   __INT_LEAST8_MAX__=0x7f
   __INT_LEAST8_TYPE__=signed char
   __INT_MAX__=0x7fffffff
   __LDBL_DENORM_MIN__=4.9406564584124654e-324L
   __LDBL_DIG__=15
   __LDBL_EPSILON__=2.2204460492503131e-16L
   __LDBL_HAS_DENORM__=1
   __LDBL_HAS_INFINITY__=1
   __LDBL_HAS_QUIET_NAN__=1
   __LDBL_MANT_DIG__=53
   __LDBL_MAX_10_EXP__=308
   __LDBL_MAX_EXP__=1024
   __LDBL_MAX__=1.7976931348623157e+308L
   __LDBL_MIN_10_EXP__=(-307)
   __LDBL_MIN_EXP__=(-1021)
   __LDBL_MIN__=2.2250738585072014e-308L
   __LONG_LONG_MAX__=0x7fffffffffffffffLL
   __LONG_MAX__=0x7fffffffL
   __nios2=1
   __nios2_arch__=1
   __nios2_little_endian=1
   __nios2_little_endian__=1
   __nios2__=1
   __NO_INLINE__=1
   __ORDER_BIG_ENDIAN__=4321
   __ORDER_LITTLE_ENDIAN__=1234
   __ORDER_PDP_ENDIAN__=3412
   __PRAGMA_REDEFINE_EXTNAME=1
   __PTRDIFF_MAX__=0x7fffffff
   __PTRDIFF_TYPE__=int
   __REGISTER_PREFIX__=
   __SCHAR_MAX__=0x7f
   __SHRT_MAX__=0x7fff
   __SIG_ATOMIC_MAX__=0x7fffffff
   __SIG_ATOMIC_MIN__=(-__SIG_ATOMIC_MAX__ - 1)
   __SIG_ATOMIC_TYPE__=int
   __SIZEOF_DOUBLE__=8
   __SIZEOF_FLOAT__=4
   __SIZEOF_INT__=4
   __SIZEOF_LONG_DOUBLE__=8
   __SIZEOF_LONG_LONG__=8
   __SIZEOF_LONG__=4
   __SIZEOF_POINTER__=4
   __SIZEOF_PTRDIFF_T__=4
   __SIZEOF_SHORT__=2
   __SIZEOF_SIZE_T__=4
   __SIZEOF_WCHAR_T__=4
   __SIZEOF_WINT_T__=4
   __SIZE_MAX__=0xffffffffU
   __SIZE_TYPE__=unsigned int
   __STDC_HOSTED__=1
   __STDC_UTF_16__=1
   __STDC_UTF_32__=1
   __STDC_VERSION__=201112L
   __STDC__=1
   __UINT16_C(c)=c
   __UINT16_MAX__=0xffff
   __UINT16_TYPE__=short unsigned int
   __UINT32_C(c)=c ## UL
   __UINT32_MAX__=0xffffffffUL
   __UINT32_TYPE__=long unsigned int
   __UINT64_C(c)=c ## ULL
   __UINT64_MAX__=0xffffffffffffffffULL
   __UINT64_TYPE__=long long unsigned int
   __UINT8_C(c)=c
   __UINT8_MAX__=0xff
   __UINT8_TYPE__=unsigned char
   __UINTMAX_C(c)=c ## ULL
   __UINTMAX_MAX__=0xffffffffffffffffULL
   __UINTMAX_TYPE__=long long unsigned int
   __UINTPTR_MAX__=0xffffffffU
   __UINTPTR_TYPE__=unsigned int
   __UINT_FAST16_MAX__=0xffffffffU
   __UINT_FAST16_TYPE__=unsigned int
   __UINT_FAST32_MAX__=0xffffffffU
   __UINT_FAST32_TYPE__=unsigned int
   __UINT_FAST64_MAX__=0xffffffffffffffffULL
   __UINT_FAST64_TYPE__=long long unsigned int
   __UINT_FAST8_MAX__=0xffffffffU
   __UINT_FAST8_TYPE__=unsigned int
   __UINT_LEAST16_MAX__=0xffff
   __UINT_LEAST16_TYPE__=short unsigned int
   __UINT_LEAST32_MAX__=0xffffffffUL
   __UINT_LEAST32_TYPE__=long unsigned int
   __UINT_LEAST64_MAX__=0xffffffffffffffffULL
   __UINT_LEAST64_TYPE__=long long unsigned int
   __UINT_LEAST8_MAX__=0xff
   __UINT_LEAST8_TYPE__=unsigned char
   __USER_LABEL_PREFIX__=
   __USING_SJLJ_EXCEPTIONS__=1
   __VERSION__="5.2.0"
   __WCHAR_MAX__=0x7fffffff
   __WCHAR_MIN__=(-__WCHAR_MAX__ - 1)
   __WCHAR_TYPE__=int
   __WINT_MAX__=0xffffffffU
   __WINT_MIN__=0U
   __WINT_TYPE__=unsigned int

Macro definitions (from language + headers in index):
   ALTERA_AVALON_PIO_DIRECTION_INPUT=0
   ALTERA_AVALON_PIO_DIRECTION_OUTPUT=1
   ALT_ALLOW_CODE_AT_RESET=
   ALT_ALWAYS_INLINE=__attribute__ ((always_inline))
   ALT_CPU_ARCHITECTURE="altera_nios2_gen2"
   ALT_CPU_BIG_ENDIAN=0
   ALT_CPU_BREAK_ADDR=0x00008820
   ALT_CPU_CPU_ARCH_NIOS2_R1=
   ALT_CPU_CPU_FREQ=50000000u
   ALT_CPU_CPU_ID_SIZE=1
   ALT_CPU_CPU_ID_VALUE=0x00000000
   ALT_CPU_CPU_IMPLEMENTATION="tiny"
   ALT_CPU_DATA_ADDR_WIDTH=0x10
   ALT_CPU_DCACHE_LINE_SIZE=0
   ALT_CPU_DCACHE_LINE_SIZE_LOG2=0
   ALT_CPU_DCACHE_SIZE=0
   ALT_CPU_EXCEPTION_ADDR=0x00004020
   ALT_CPU_FLASH_ACCELERATOR_LINES=0
   ALT_CPU_FLASH_ACCELERATOR_LINE_SIZE=0
   ALT_CPU_FLUSHDA_SUPPORTED=
   ALT_CPU_FREQ=50000000
   ALT_CPU_HARDWARE_DIVIDE_PRESENT=0
   ALT_CPU_HARDWARE_MULTIPLY_PRESENT=0
   ALT_CPU_HARDWARE_MULX_PRESENT=0
   ALT_CPU_HAS_DEBUG_CORE=1
   ALT_CPU_HAS_DEBUG_STUB=
   ALT_CPU_HAS_ILLEGAL_INSTRUCTION_EXCEPTION=
   ALT_CPU_HAS_JMPI_INSTRUCTION=
   ALT_CPU_ICACHE_LINE_SIZE=0
   ALT_CPU_ICACHE_LINE_SIZE_LOG2=0
   ALT_CPU_ICACHE_SIZE=0
   ALT_CPU_INST_ADDR_WIDTH=0x10
   ALT_CPU_NAME="cpu"
   ALT_CPU_OCI_VERSION=1
   ALT_CPU_RESET_ADDR=0x00004000
   ALT_DEVICE_FAMILY="MAX 10"
   ALT_ENHANCED_INTERRUPT_API_PRESENT=
   ALT_EXCEPTIONS_DEVICE=ONCHIP_RAM
   ALT_INCLUDE_INSTRUCTION_RELATED_EXCEPTION_API=
   ALT_INLINE=__inline__
   ALT_IRQ_BASE=NULL
   ALT_LOAD_COPY_RWDATA=
   ALT_LOAD_EXPLICITLY_CONTROLLED=
   ALT_LOG_PORT="/dev/null"
   ALT_LOG_PORT_BASE=0x0
   ALT_LOG_PORT_DEV=null
   ALT_LOG_PORT_TYPE=""
   ALT_MAX_FD=32
   ALT_MODULE_CLASS_jtag_uart=altera_avalon_jtag_uart
   ALT_MODULE_CLASS_onchip_ram=altera_avalon_onchip_memory2
   ALT_MODULE_CLASS_pio_in_key=altera_avalon_pio
   ALT_MODULE_CLASS_pio_out_led=altera_avalon_pio
   ALT_MODULE_CLASS_sysid=altera_avalon_sysid_qsys
   ALT_NUM_EXTERNAL_INTERRUPT_CONTROLLERS=0
   ALT_NUM_INTERNAL_INTERRUPT_CONTROLLERS=1
   ALT_NUM_INTERRUPT_CONTROLLERS=1
   ALT_RESET_DEVICE=ONCHIP_RAM
   ALT_RODATA_DEVICE=ONCHIP_RAM
   ALT_RWDATA_DEVICE=ONCHIP_RAM
   ALT_STDERR="/dev/jtag_uart"
   ALT_STDERR_BASE=0x9028
   ALT_STDERR_DEV=jtag_uart
   ALT_STDERR_IS_JTAG_UART=
   ALT_STDERR_PRESENT=
   ALT_STDERR_TYPE="altera_avalon_jtag_uart"
   ALT_STDIN="/dev/jtag_uart"
   ALT_STDIN_BASE=0x9028
   ALT_STDIN_DEV=jtag_uart
   ALT_STDIN_IS_JTAG_UART=
   ALT_STDIN_PRESENT=
   ALT_STDIN_TYPE="altera_avalon_jtag_uart"
   ALT_STDOUT="/dev/jtag_uart"
   ALT_STDOUT_BASE=0x9028
   ALT_STDOUT_DEV=jtag_uart
   ALT_STDOUT_IS_JTAG_UART=
   ALT_STDOUT_PRESENT=
   ALT_STDOUT_TYPE="altera_avalon_jtag_uart"
   ALT_SYSTEM_NAME="embedded_system_case_1c"
   ALT_SYS_CLK=none
   ALT_TEXT_DEVICE=ONCHIP_RAM
   ALT_TIMESTAMP_CLK=none
   ALT_WEAK=__attribute__((weak))
   IOADDR_ALTERA_AVALON_PIO_CLEAR_BITS(base)=__IO_CALC_ADDRESS_NATIVE(base, 5)
   IOADDR_ALTERA_AVALON_PIO_DATA(base)=__IO_CALC_ADDRESS_NATIVE(base, 0)
   IOADDR_ALTERA_AVALON_PIO_DIRECTION(base)=__IO_CALC_ADDRESS_NATIVE(base, 1)
   IOADDR_ALTERA_AVALON_PIO_EDGE_CAP(base)=__IO_CALC_ADDRESS_NATIVE(base, 3)
   IOADDR_ALTERA_AVALON_PIO_IRQ_MASK(base)=__IO_CALC_ADDRESS_NATIVE(base, 2)
   IOADDR_ALTERA_AVALON_PIO_SET_BIT(base)=__IO_CALC_ADDRESS_NATIVE(base, 4)
   IORD(BASE,REGNUM)=__builtin_ldwio (__IO_CALC_ADDRESS_NATIVE ((BASE), (REGNUM)))
   IORD_16DIRECT(BASE,OFFSET)=__builtin_ldhuio (__IO_CALC_ADDRESS_DYNAMIC ((BASE), (OFFSET)))
   IORD_32DIRECT(BASE,OFFSET)=__builtin_ldwio (__IO_CALC_ADDRESS_DYNAMIC ((BASE), (OFFSET)))
   IORD_8DIRECT(BASE,OFFSET)=__builtin_ldbuio (__IO_CALC_ADDRESS_DYNAMIC ((BASE), (OFFSET)))
   IORD_ALTERA_AVALON_PIO_CLEAR_BITS(base)=IORD(base, 5)
   IORD_ALTERA_AVALON_PIO_DATA(base)=IORD(base, 0)
   IORD_ALTERA_AVALON_PIO_DIRECTION(base)=IORD(base, 1)
   IORD_ALTERA_AVALON_PIO_EDGE_CAP(base)=IORD(base, 3)
   IORD_ALTERA_AVALON_PIO_IRQ_MASK(base)=IORD(base, 2)
   IORD_ALTERA_AVALON_PIO_SET_BITS(base)=IORD(base, 4)
   IOWR(BASE,REGNUM,DATA)=__builtin_stwio (__IO_CALC_ADDRESS_NATIVE ((BASE), (REGNUM)), (DATA))
   IOWR_16DIRECT(BASE,OFFSET,DATA)=__builtin_sthio (__IO_CALC_ADDRESS_DYNAMIC ((BASE), (OFFSET)), (DATA))
   IOWR_32DIRECT(BASE,OFFSET,DATA)=__builtin_stwio (__IO_CALC_ADDRESS_DYNAMIC ((BASE), (OFFSET)), (DATA))
   IOWR_8DIRECT(BASE,OFFSET,DATA)=__builtin_stbio (__IO_CALC_ADDRESS_DYNAMIC ((BASE), (OFFSET)), (DATA))
   IOWR_ALTERA_AVALON_PIO_CLEAR_BITS(base,data)=IOWR(base, 5, data)
   IOWR_ALTERA_AVALON_PIO_DATA(base,data)=IOWR(base, 0, data)
   IOWR_ALTERA_AVALON_PIO_DIRECTION(base,data)=IOWR(base, 1, data)
   IOWR_ALTERA_AVALON_PIO_EDGE_CAP(base,data)=IOWR(base, 3, data)
   IOWR_ALTERA_AVALON_PIO_IRQ_MASK(base,data)=IOWR(base, 2, data)
   IOWR_ALTERA_AVALON_PIO_SET_BITS(base,data)=IOWR(base, 4, data)
   JTAG_UART_BASE=0x9028
   JTAG_UART_IRQ=0
   JTAG_UART_IRQ_INTERRUPT_CONTROLLER_ID=0
   JTAG_UART_NAME="/dev/jtag_uart"
   JTAG_UART_READ_DEPTH=64
   JTAG_UART_READ_THRESHOLD=8
   JTAG_UART_SPAN=8
   JTAG_UART_TYPE="altera_avalon_jtag_uart"
   JTAG_UART_WRITE_DEPTH=64
   JTAG_UART_WRITE_THRESHOLD=8
   NIOS2_BIG_ENDIAN=0
   NIOS2_BREAK_ADDR=0x00008820
   NIOS2_CPU_ARCH_NIOS2_R1=
   NIOS2_CPU_FREQ=50000000u
   NIOS2_CPU_ID_SIZE=1
   NIOS2_CPU_ID_VALUE=0x00000000
   NIOS2_CPU_IMPLEMENTATION="tiny"
   NIOS2_DATA_ADDR_WIDTH=0x10
   NIOS2_DCACHE_LINE_SIZE=0
   NIOS2_DCACHE_LINE_SIZE_LOG2=0
   NIOS2_DCACHE_SIZE=0
   NIOS2_EXCEPTION_ADDR=0x00004020
   NIOS2_FLASH_ACCELERATOR_LINES=0
   NIOS2_FLASH_ACCELERATOR_LINE_SIZE=0
   NIOS2_FLUSHDA_SUPPORTED=
   NIOS2_HARDWARE_DIVIDE_PRESENT=0
   NIOS2_HARDWARE_MULTIPLY_PRESENT=0
   NIOS2_HARDWARE_MULX_PRESENT=0
   NIOS2_HAS_DEBUG_CORE=1
   NIOS2_HAS_DEBUG_STUB=
   NIOS2_HAS_ILLEGAL_INSTRUCTION_EXCEPTION=
   NIOS2_HAS_JMPI_INSTRUCTION=
   NIOS2_ICACHE_LINE_SIZE=0
   NIOS2_ICACHE_LINE_SIZE_LOG2=0
   NIOS2_ICACHE_SIZE=0
   NIOS2_INST_ADDR_WIDTH=0x10
   NIOS2_OCI_VERSION=1
   NIOS2_RESET_ADDR=0x00004000
   ONCHIP_RAM_ALLOW_IN_SYSTEM_MEMORY_CONTENT_EDITOR=0
   ONCHIP_RAM_ALLOW_MRAM_SIM_CONTENTS_ONLY_FILE=0
   ONCHIP_RAM_BASE=0x4000
   ONCHIP_RAM_CONTENTS_INFO=""
   ONCHIP_RAM_DUAL_PORT=0
   ONCHIP_RAM_GUI_RAM_BLOCK_TYPE="AUTO"
   ONCHIP_RAM_INIT_CONTENTS_FILE="embedded_system_case_1c_onchip_ram"
   ONCHIP_RAM_INIT_MEM_CONTENT=0
   ONCHIP_RAM_INSTANCE_ID="NONE"
   ONCHIP_RAM_IRQ=-1
   ONCHIP_RAM_IRQ_INTERRUPT_CONTROLLER_ID=-1
   ONCHIP_RAM_NAME="/dev/onchip_ram"
   ONCHIP_RAM_NON_DEFAULT_INIT_FILE_ENABLED=0
   ONCHIP_RAM_RAM_BLOCK_TYPE="AUTO"
   ONCHIP_RAM_READ_DURING_WRITE_MODE="DONT_CARE"
   ONCHIP_RAM_REGION_BASE=0x4020
   ONCHIP_RAM_REGION_SPAN=16352
   ONCHIP_RAM_SINGLE_CLOCK_OP=0
   ONCHIP_RAM_SIZE_MULTIPLE=1
   ONCHIP_RAM_SIZE_VALUE=16384
   ONCHIP_RAM_SPAN=16384
   ONCHIP_RAM_TYPE="altera_avalon_onchip_memory2"
   ONCHIP_RAM_WRITABLE=1
   PIO_IN_KEY_BASE=0x9000
   PIO_IN_KEY_BIT_CLEARING_EDGE_REGISTER=0
   PIO_IN_KEY_BIT_MODIFYING_OUTPUT_REGISTER=0
   PIO_IN_KEY_CAPTURE=0
   PIO_IN_KEY_DATA_WIDTH=8
   PIO_IN_KEY_DO_TEST_BENCH_WIRING=0
   PIO_IN_KEY_DRIVEN_SIM_VALUE=0
   PIO_IN_KEY_EDGE_TYPE="NONE"
   PIO_IN_KEY_FREQ=50000000
   PIO_IN_KEY_HAS_IN=1
   PIO_IN_KEY_HAS_OUT=0
   PIO_IN_KEY_HAS_TRI=0
   PIO_IN_KEY_IRQ=-1
   PIO_IN_KEY_IRQ_INTERRUPT_CONTROLLER_ID=-1
   PIO_IN_KEY_IRQ_TYPE="NONE"
   PIO_IN_KEY_NAME="/dev/pio_in_key"
   PIO_IN_KEY_RESET_VALUE=0
   PIO_IN_KEY_SPAN=16
   PIO_IN_KEY_TYPE="altera_avalon_pio"
   PIO_OUT_LED_BASE=0x9010
   PIO_OUT_LED_BIT_CLEARING_EDGE_REGISTER=0
   PIO_OUT_LED_BIT_MODIFYING_OUTPUT_REGISTER=0
   PIO_OUT_LED_CAPTURE=0
   PIO_OUT_LED_DATA_WIDTH=8
   PIO_OUT_LED_DO_TEST_BENCH_WIRING=0
   PIO_OUT_LED_DRIVEN_SIM_VALUE=0
   PIO_OUT_LED_EDGE_TYPE="NONE"
   PIO_OUT_LED_FREQ=50000000
   PIO_OUT_LED_HAS_IN=0
   PIO_OUT_LED_HAS_OUT=1
   PIO_OUT_LED_HAS_TRI=0
   PIO_OUT_LED_IRQ=-1
   PIO_OUT_LED_IRQ_INTERRUPT_CONTROLLER_ID=-1
   PIO_OUT_LED_IRQ_TYPE="NONE"
   PIO_OUT_LED_NAME="/dev/pio_out_led"
   PIO_OUT_LED_RESET_VALUE=0
   PIO_OUT_LED_SPAN=16
   PIO_OUT_LED_TYPE="altera_avalon_pio"
   RESET_REGION_BASE=0x4000
   RESET_REGION_SPAN=32
   SYSID_BASE=0x9020
   SYSID_ID=0
   SYSID_IRQ=-1
   SYSID_IRQ_INTERRUPT_CONTROLLER_ID=-1
   SYSID_NAME="/dev/sysid"
   SYSID_SPAN=8
   SYSID_TIMESTAMP=1431411592
   SYSID_TYPE="altera_avalon_sysid_qsys"
   SYSTEM_BUS_WIDTH=32
   __ALTERA_AVALON_JTAG_UART=
   __ALTERA_AVALON_ONCHIP_MEMORY2=
   __ALTERA_AVALON_PIO=
   __ALTERA_AVALON_PIO_REGS_H__=
   __ALTERA_AVALON_SYSID_QSYS=
   __ALTERA_NIOS2_GEN2=
   __ALT_TYPES_H__=
   __builtin_constant_p(exp)=0
   __builtin_offsetof(T,m)=((size_t) &((T *)0)->m)
   __builtin_types_compatible_p(x,y)=__builtin_types_compatible_p(sizeof(x),sizeof(y))
   __builtin_va_arg(ap,type)=*(typeof(type) *)ap
   __CDT_PARSER__=1
   __complex__=_Complex
   __COUNTER__=0
   __DATE__="okt 09 2016"
   __extension__=
   __FILE__="file"
   __imag__=(int)
   __IO_CALC_ADDRESS_DYNAMIC(BASE,OFFSET)=((void *)(((alt_u8*)BASE) + (OFFSET)))
   __IO_CALC_ADDRESS_NATIVE(BASE,REGNUM)=((void *)(((alt_u8*)BASE) + ((REGNUM) * (SYSTEM_BUS_WIDTH/8))))
   __IO_H__=
   __LINE__=1
   __LINKER_H_=
   __null=(void *)0
   __offsetof__(x)=(x)
   __real__=(int)
   __stdcall=
   __SYSTEM_H_=
   __thread=
   __TIME__="14:38:50"

Written on Sun Oct 09 14:38:50 CEST 2016
