Flow report for uppgift_vhdl_5_extra
Sat Oct 15 20:21:42 2016
Quartus Prime Version 16.0.0 Build 211 04/27/2016 SJ Lite Edition


---------------------
; Table of Contents ;
---------------------
  1. Legal Notice
  2. Flow Summary
  3. Flow Settings
  4. Flow Non-Default Global Settings
  5. Flow Elapsed Time
  6. Flow OS Summary
  7. Flow Log
  8. Flow Messages
  9. Flow Suppressed Messages



----------------
; Legal Notice ;
----------------
Copyright (C) 1991-2016 Altera Corporation. All rights reserved.
Your use of Altera Corporation's design tools, logic functions 
and other software and tools, and its AMPP partner logic 
functions, and any output files from any of the foregoing 
(including device programming or simulation files), and any 
associated documentation or information are expressly subject 
to the terms and conditions of the Altera Program License 
Subscription Agreement, the Altera Quartus Prime License Agreement,
the Altera MegaCore Function License Agreement, or other 
applicable license agreement, including, without limitation, 
that your use is for the sole purpose of programming logic 
devices manufactured by Altera and sold by Altera or its 
authorized distributors.  Please refer to the applicable 
agreement for further details.



+-------------------------------------------------------------------------------+
; Flow Summary                                                                  ;
+---------------------------------+---------------------------------------------+
; Flow Status                     ; Successful - Sat Oct 15 20:21:42 2016       ;
; Quartus Prime Version           ; 16.0.0 Build 211 04/27/2016 SJ Lite Edition ;
; Revision Name                   ; uppgift_vhdl_5_extra                        ;
; Top-level Entity Name           ; uppgift_vhdl_5_extra                        ;
; Family                          ; Cyclone V                                   ;
; Device                          ; 5CSEMA5F31C6                                ;
; Timing Models                   ; Final                                       ;
; Logic utilization (in ALMs)     ; 18 / 32,070 ( < 1 % )                       ;
; Total registers                 ; 13                                          ;
; Total pins                      ; 9 / 457 ( 2 % )                             ;
; Total virtual pins              ; 0                                           ;
; Total block memory bits         ; 0 / 4,065,280 ( 0 % )                       ;
; Total DSP Blocks                ; 0 / 87 ( 0 % )                              ;
; Total HSSI RX PCSs              ; 0                                           ;
; Total HSSI PMA RX Deserializers ; 0                                           ;
; Total HSSI TX PCSs              ; 0                                           ;
; Total HSSI PMA TX Serializers   ; 0                                           ;
; Total PLLs                      ; 0 / 6 ( 0 % )                               ;
; Total DLLs                      ; 0 / 4 ( 0 % )                               ;
+---------------------------------+---------------------------------------------+


+------------------------------------------+
; Flow Settings                            ;
+-------------------+----------------------+
; Option            ; Setting              ;
+-------------------+----------------------+
; Start date & time ; 10/15/2016 20:19:00  ;
; Main task         ; Compilation          ;
; Revision Name     ; uppgift_vhdl_5_extra ;
+-------------------+----------------------+


+--------------------------------------------------------------------------------------------------------------------------------------------------+
; Flow Non-Default Global Settings                                                                                                                 ;
+--------------------------------------+----------------------------------------------+---------------+-------------+------------------------------+
; Assignment Name                      ; Value                                        ; Default Value ; Entity Name ; Section Id                   ;
+--------------------------------------+----------------------------------------------+---------------+-------------+------------------------------+
; COMPILER_SIGNATURE_ID                ; 145385906804051.147655553911548              ; --            ; --          ; --                           ;
; EDA_DESIGN_INSTANCE_NAME             ; NA                                           ; --            ; --          ; uppgift_vhdl_5_extra_vhd_tst ;
; EDA_NATIVELINK_SIMULATION_TEST_BENCH ; uppgift_vhdl_5_extra_vhd_tst                 ; --            ; --          ; eda_simulation               ;
; EDA_OUTPUT_DATA_FORMAT               ; Vhdl                                         ; --            ; --          ; eda_simulation               ;
; EDA_SIMULATION_TOOL                  ; ModelSim-Altera (VHDL)                       ; <None>        ; --          ; --                           ;
; EDA_TEST_BENCH_ENABLE_STATUS         ; TEST_BENCH_MODE                              ; --            ; --          ; eda_simulation               ;
; EDA_TEST_BENCH_FILE                  ; simulation/modelsim/uppgift_vhdl_5_extra.vht ; --            ; --          ; uppgift_vhdl_5_extra_vhd_tst ;
; EDA_TEST_BENCH_MODULE_NAME           ; uppgift_vhdl_5_extra_vhd_tst                 ; --            ; --          ; uppgift_vhdl_5_extra_vhd_tst ;
; EDA_TEST_BENCH_NAME                  ; uppgift_vhdl_5_extra_vhd_tst                 ; --            ; --          ; eda_simulation               ;
; EDA_TEST_BENCH_RUN_SIM_FOR           ; 5 us                                         ; --            ; --          ; uppgift_vhdl_5_extra_vhd_tst ;
; EDA_TIME_SCALE                       ; 1 ps                                         ; --            ; --          ; eda_simulation               ;
; MAX_CORE_JUNCTION_TEMP               ; 85                                           ; --            ; --          ; --                           ;
; MIN_CORE_JUNCTION_TEMP               ; 0                                            ; --            ; --          ; --                           ;
; PARTITION_COLOR                      ; 16764057                                     ; --            ; --          ; Top                          ;
; PARTITION_FITTER_PRESERVATION_LEVEL  ; PLACEMENT_AND_ROUTING                        ; --            ; --          ; Top                          ;
; PARTITION_NETLIST_TYPE               ; SOURCE                                       ; --            ; --          ; Top                          ;
; POWER_BOARD_THERMAL_MODEL            ; None (CONSERVATIVE)                          ; --            ; --          ; --                           ;
; POWER_PRESET_COOLING_SOLUTION        ; 23 MM HEAT SINK WITH 200 LFPM AIRFLOW        ; --            ; --          ; --                           ;
; PROJECT_OUTPUT_DIRECTORY             ; output_files                                 ; --            ; --          ; --                           ;
+--------------------------------------+----------------------------------------------+---------------+-------------+------------------------------+


+-------------------------------------------------------------------------------------------------------------------------------+
; Flow Elapsed Time                                                                                                             ;
+---------------------------+--------------+-------------------------+---------------------+------------------------------------+
; Module Name               ; Elapsed Time ; Average Processors Used ; Peak Virtual Memory ; Total CPU Time (on all processors) ;
+---------------------------+--------------+-------------------------+---------------------+------------------------------------+
; Analysis & Synthesis      ; 00:00:26     ; 1.0                     ; 898 MB              ; 00:00:25                           ;
; Fitter                    ; 00:01:25     ; 1.0                     ; 2166 MB             ; 00:01:00                           ;
; Assembler                 ; 00:00:11     ; 1.0                     ; 888 MB              ; 00:00:08                           ;
; TimeQuest Timing Analyzer ; 00:00:08     ; 1.0                     ; 1147 MB             ; 00:00:05                           ;
; EDA Netlist Writer        ; 00:00:02     ; 1.0                     ; 794 MB              ; 00:00:02                           ;
; Total                     ; 00:02:12     ; --                      ; --                  ; 00:01:40                           ;
+---------------------------+--------------+-------------------------+---------------------+------------------------------------+


+----------------------------------------------------------------------------------------+
; Flow OS Summary                                                                        ;
+---------------------------+------------------+-----------+------------+----------------+
; Module Name               ; Machine Hostname ; OS Name   ; OS Version ; Processor type ;
+---------------------------+------------------+-----------+------------+----------------+
; Analysis & Synthesis      ; root-Dator       ; Windows 7 ; 6.1        ; x86_64         ;
; Fitter                    ; root-Dator       ; Windows 7 ; 6.1        ; x86_64         ;
; Assembler                 ; root-Dator       ; Windows 7 ; 6.1        ; x86_64         ;
; TimeQuest Timing Analyzer ; root-Dator       ; Windows 7 ; 6.1        ; x86_64         ;
; EDA Netlist Writer        ; root-Dator       ; Windows 7 ; 6.1        ; x86_64         ;
+---------------------------+------------------+-----------+------------+----------------+


------------
; Flow Log ;
------------
quartus_map --read_settings_files=on --write_settings_files=off uppgift_vhdl_5_extra -c uppgift_vhdl_5_extra
quartus_fit --read_settings_files=off --write_settings_files=off uppgift_vhdl_5_extra -c uppgift_vhdl_5_extra
quartus_asm --read_settings_files=off --write_settings_files=off uppgift_vhdl_5_extra -c uppgift_vhdl_5_extra
quartus_sta uppgift_vhdl_5_extra -c uppgift_vhdl_5_extra
quartus_eda --read_settings_files=off --write_settings_files=off uppgift_vhdl_5_extra -c uppgift_vhdl_5_extra



